<?xml version="1.0" encoding="UTF-8"?>
<!-- Generated by org.testng.reporters.JUnitXMLReporter -->
<testsuite ignored="3" hostname="admin-PC" failures="1" tests="1" name="Test" time="23.13" errors="0" timestamp="2023-12-22T19:29:56 IST">
  <testcase classname="com.MyProjectStore.TestCase.TC_MyAccount" name="LoginUsingDDT" time="14.473">
    <failure type="java.lang.NullPointerException" message="Cannot invoke &amp;quot;org.apache.poi.ss.usermodel.Workbook.getSheetAt(int)&amp;quot; because &amp;quot;com.MyProjectStore.Utility.ReadExcel.wb&amp;quot; is null">
      <![CDATA[java.lang.NullPointerException: Cannot invoke "org.apache.poi.ss.usermodel.Workbook.getSheetAt(int)" because "com.MyProjectStore.Utility.ReadExcel.wb" is null
at com.MyProjectStore.Utility.ReadExcel.identifySheet(ReadExcel.java:26)
at com.MyProjectStore.Utility.Map.readDataToMap(Map.java:12)
at com.MyProjectStore.TestCase.TC_MyAccount.LoginUsingDDT(TC_MyAccount.java:144)
at java.base/java.util.ArrayList.forEach(ArrayList.java:1511)
... Removed 27 stack frames]]>
    </failure>
  </testcase> <!-- LoginUsingDDT -->
  <testcase classname="com.MyProjectStore.TestCase.TC_MyAccount" name="VerifyRegisteration" time="0.0">
    <ignored/>
  </testcase> <!-- VerifyRegisteration -->
  <testcase classname="com.MyProjectStore.TestCase.TC_MyAccount" name="verifyLogin" time="0.0">
    <ignored/>
  </testcase> <!-- verifyLogin -->
  <testcase classname="com.MyProjectStore.TestCase.TC_MyAccount" name="productPurchase" time="0.0">
    <ignored/>
  </testcase> <!-- productPurchase -->
</testsuite> <!-- Test -->
