<?xml version="1.0" encoding="UTF-8"?>
<testng-results ignored="3" total="4" passed="0" failed="1" skipped="0">
  <reporter-output>
  </reporter-output>
  <suite started-at="2023-12-22T19:29:33 IST" name="Suite" finished-at="2023-12-22T19:29:56 IST" duration-ms="23130">
    <groups>
    </groups>
    <test started-at="2023-12-22T19:29:33 IST" name="Test" finished-at="2023-12-22T19:29:56 IST" duration-ms="23130">
      <class name="com.MyProjectStore.TestCase.TC_MyAccount">
        <test-method is-config="true" signature="setup()[pri:0, instance:com.MyProjectStore.TestCase.TC_MyAccount@20ccf40b]" started-at="2023-12-22T19:29:33 IST" name="setup" finished-at="2023-12-22T19:29:41 IST" duration-ms="7933" status="PASS">
          <reporter-output>
          </reporter-output>
        </test-method> <!-- setup -->
        <test-method signature="LoginUsingDDT()[pri:0, instance:com.MyProjectStore.TestCase.TC_MyAccount@20ccf40b]" started-at="2023-12-22T19:29:41 IST" name="LoginUsingDDT" finished-at="2023-12-22T19:29:56 IST" duration-ms="14473" status="FAIL">
          <exception class="java.lang.NullPointerException">
            <message>
              <![CDATA[Cannot invoke "org.apache.poi.ss.usermodel.Workbook.getSheetAt(int)" because "com.MyProjectStore.Utility.ReadExcel.wb" is null]]>
            </message>
            <full-stacktrace>
              <![CDATA[java.lang.NullPointerException: Cannot invoke "org.apache.poi.ss.usermodel.Workbook.getSheetAt(int)" because "com.MyProjectStore.Utility.ReadExcel.wb" is null
at com.MyProjectStore.Utility.ReadExcel.identifySheet(ReadExcel.java:26)
at com.MyProjectStore.Utility.Map.readDataToMap(Map.java:12)
at com.MyProjectStore.TestCase.TC_MyAccount.LoginUsingDDT(TC_MyAccount.java:144)
at java.base/jdk.internal.reflect.NativeMethodAccessorImpl.invoke0(Native Method)
at java.base/jdk.internal.reflect.NativeMethodAccessorImpl.invoke(NativeMethodAccessorImpl.java:77)
at java.base/jdk.internal.reflect.DelegatingMethodAccessorImpl.invoke(DelegatingMethodAccessorImpl.java:43)
at java.base/java.lang.reflect.Method.invoke(Method.java:568)
at org.testng.internal.MethodInvocationHelper.invokeMethod(MethodInvocationHelper.java:133)
at org.testng.internal.TestInvoker.invokeMethod(TestInvoker.java:598)
at org.testng.internal.TestInvoker.invokeTestMethod(TestInvoker.java:173)
at org.testng.internal.MethodRunner.runInSequence(MethodRunner.java:46)
at org.testng.internal.TestInvoker$MethodInvocationAgent.invoke(TestInvoker.java:824)
at org.testng.internal.TestInvoker.invokeTestMethods(TestInvoker.java:146)
at org.testng.internal.TestMethodWorker.invokeTestMethods(TestMethodWorker.java:146)
at org.testng.internal.TestMethodWorker.run(TestMethodWorker.java:128)
at java.base/java.util.ArrayList.forEach(ArrayList.java:1511)
at org.testng.TestRunner.privateRun(TestRunner.java:794)
at org.testng.TestRunner.run(TestRunner.java:596)
at org.testng.SuiteRunner.runTest(SuiteRunner.java:377)
at org.testng.SuiteRunner.runSequentially(SuiteRunner.java:371)
at org.testng.SuiteRunner.privateRun(SuiteRunner.java:332)
at org.testng.SuiteRunner.run(SuiteRunner.java:276)
at org.testng.SuiteRunnerWorker.runSuite(SuiteRunnerWorker.java:53)
at org.testng.SuiteRunnerWorker.run(SuiteRunnerWorker.java:96)
at org.testng.TestNG.runSuitesSequentially(TestNG.java:1212)
at org.testng.TestNG.runSuitesLocally(TestNG.java:1134)
at org.testng.TestNG.runSuites(TestNG.java:1063)
at org.testng.TestNG.run(TestNG.java:1031)
at org.testng.remote.AbstractRemoteTestNG.run(AbstractRemoteTestNG.java:115)
at org.testng.remote.RemoteTestNG.initAndRun(RemoteTestNG.java:251)
at org.testng.remote.RemoteTestNG.main(RemoteTestNG.java:77)
]]>
            </full-stacktrace>
          </exception> <!-- java.lang.NullPointerException -->
          <reporter-output>
          </reporter-output>
        </test-method> <!-- LoginUsingDDT -->
        <test-method is-config="true" signature="closeApp()[pri:0, instance:com.MyProjectStore.TestCase.TC_MyAccount@20ccf40b]" started-at="2023-12-22T19:29:56 IST" name="closeApp" finished-at="2023-12-22T19:29:56 IST" duration-ms="0" status="PASS">
          <reporter-output>
          </reporter-output>
        </test-method> <!-- closeApp -->
      </class> <!-- com.MyProjectStore.TestCase.TC_MyAccount -->
    </test> <!-- Test -->
  </suite> <!-- Suite -->
</testng-results>
